<?xml version="1.0" encoding="UTF-8"?>
<testsuite name="adventOfCode2023.day5.AlmacWithSeedRangeTest" tests="1" skipped="0" failures="0" errors="0" timestamp="2023-12-05T11:25:07" hostname="Parikshits-MacBook-Air.local" time="0.068">
  <properties/>
  <testcase name="should return lowest location 35()" classname="adventOfCode2023.day5.AlmacWithSeedRangeTest" time="0.068"/>
  <system-out><![CDATA[]]></system-out>
  <system-err><![CDATA[]]></system-err>
</testsuite>
